build/app/intermediates/manifest_merge_blame_file/release/manifest-merger-blame-release-report.txt
1<?xml version="1.0" encoding="utf-8"?>
2<manifest xmlns:android="http://schemas.android.com/apk/res/android"
3    package="com.etk.PetsMating"
4    android:versionCode="1"
5    android:versionName="1.0.0" >
6
7    <uses-sdk
8        android:minSdkVersion="21"
8-->src\main\AndroidManifest.xml
9        android:targetSdkVersion="30" />
9-->src\main\AndroidManifest.xml
10
11    <uses-permission android:name="android.permission.WRITE_EXTERNAL_STORAGE" />
11-->src\main\AndroidManifest.xml:3:5-80
11-->src\main\AndroidManifest.xml:3:22-78
12    <uses-permission android:name="android.permission.ACCESS_FINE_LOCATION" />
12-->src\main\AndroidManifest.xml:4:5-78
12-->src\main\AndroidManifest.xml:4:22-76
13    <uses-permission android:name="android.permission.ACCESS_COARSE_LOCATION" />
13-->src\main\AndroidManifest.xml:5:5-80
13-->src\main\AndroidManifest.xml:5:22-78
14    <uses-permission android:name="android.permission.INTERNET" />
14-->src\main\AndroidManifest.xml:6:5-66
14-->src\main\AndroidManifest.xml:6:22-64
15    <uses-permission android:name="android.permission.READ_EXTERNAL_STORAGE" />
15-->src\main\AndroidManifest.xml:7:5-79
15-->src\main\AndroidManifest.xml:7:22-77
16    <uses-permission android:name="android.permission.ACCESS_NETWORK_STATE" />
16-->[com.google.android.exoplayer:exoplayer-core:2.17.0] AndroidManifest.xml:24:5-79
16-->[com.google.android.exoplayer:exoplayer-core:2.17.0] AndroidManifest.xml:24:22-76
17
18    <application
18-->src\main\AndroidManifest.xml:8:4-45:19
19        android:appComponentFactory="androidx.core.app.CoreComponentFactory"
19-->[androidx.core:core:1.7.0] AndroidManifest.xml:24:18-86
20        android:icon="@mipmap/ic_launcher"
20-->src\main\AndroidManifest.xml:10:9-43
21        android:label="PetsMating" >
21-->src\main\AndroidManifest.xml:9:9-35
22        <activity
22-->src\main\AndroidManifest.xml:11:9-39:20
23            android:name="com.etk.PetsMating.MainActivity"
23-->src\main\AndroidManifest.xml:12:13-41
24            android:configChanges="orientation|keyboardHidden|keyboard|screenSize|smallestScreenSize|locale|layoutDirection|fontScale|screenLayout|density|uiMode"
24-->src\main\AndroidManifest.xml:15:13-163
25            android:hardwareAccelerated="true"
25-->src\main\AndroidManifest.xml:16:13-47
26            android:launchMode="singleTop"
26-->src\main\AndroidManifest.xml:13:13-43
27            android:theme="@style/LaunchTheme"
27-->src\main\AndroidManifest.xml:14:13-47
28            android:windowSoftInputMode="adjustResize" >
28-->src\main\AndroidManifest.xml:17:13-55
29
30            <!--
31                 Specifies an Android theme to apply to this Activity as soon as
32                 the Android process has started. This theme is visible to the user
33                 while the Flutter UI initializes. After that, this theme continues
34                 to determine the Window background behind the Flutter UI.
35            -->
36            <meta-data
36-->src\main\AndroidManifest.xml:22:13-25:17
37                android:name="io.flutter.embedding.android.NormalTheme"
37-->src\main\AndroidManifest.xml:23:15-70
38                android:resource="@style/NormalTheme" />
38-->src\main\AndroidManifest.xml:24:15-52
39            <!--
40                 Displays an Android View that continues showing the launch screen
41                 Drawable until Flutter paints its first frame, then this splash
42                 screen fades out. A splash screen is useful to avoid any visual
43                 gap between the end of Android's launch screen and the painting of
44                 Flutter's first frame.
45            -->
46            <meta-data
46-->src\main\AndroidManifest.xml:31:13-34:17
47                android:name="io.flutter.embedding.android.SplashScreenDrawable"
47-->src\main\AndroidManifest.xml:32:15-79
48                android:resource="@drawable/launch_background" />
48-->src\main\AndroidManifest.xml:33:15-61
49
50            <intent-filter>
50-->src\main\AndroidManifest.xml:35:13-38:29
51                <action android:name="android.intent.action.MAIN" />
51-->src\main\AndroidManifest.xml:36:17-68
51-->src\main\AndroidManifest.xml:36:25-66
52
53                <category android:name="android.intent.category.LAUNCHER" />
53-->src\main\AndroidManifest.xml:37:17-76
53-->src\main\AndroidManifest.xml:37:27-74
54            </intent-filter>
55        </activity>
56        <!--
57             Don't delete the meta-data below.
58             This is used by the Flutter tool to generate GeneratedPluginRegistrant.java
59        -->
60        <meta-data
60-->src\main\AndroidManifest.xml:42:9-44:33
61            android:name="flutterEmbedding"
61-->src\main\AndroidManifest.xml:43:13-44
62            android:value="2" />
62-->src\main\AndroidManifest.xml:44:13-30
63
64        <provider
64-->[:image_picker_android] AndroidManifest.xml:8:9-16:20
65            android:name="io.flutter.plugins.imagepicker.ImagePickerFileProvider"
65-->[:image_picker_android] AndroidManifest.xml:9:13-82
66            android:authorities="com.etk.PetsMating.flutter.image_provider"
66-->[:image_picker_android] AndroidManifest.xml:10:13-74
67            android:exported="false"
67-->[:image_picker_android] AndroidManifest.xml:11:13-37
68            android:grantUriPermissions="true" >
68-->[:image_picker_android] AndroidManifest.xml:12:13-47
69            <meta-data
69-->[:image_picker_android] AndroidManifest.xml:13:13-15:75
70                android:name="android.support.FILE_PROVIDER_PATHS"
70-->[:image_picker_android] AndroidManifest.xml:14:17-67
71                android:resource="@xml/flutter_image_picker_file_paths" />
71-->[:image_picker_android] AndroidManifest.xml:15:17-72
72        </provider>
73        <provider
73-->[com.sangcomz:FishBun:0.11.2] AndroidManifest.xml:12:9-20:20
74            android:name="com.sangcomz.fishbun.FishBunFileProvider"
74-->[com.sangcomz:FishBun:0.11.2] AndroidManifest.xml:13:13-68
75            android:authorities="com.etk.PetsMating.fishbunfileprovider"
75-->[com.sangcomz:FishBun:0.11.2] AndroidManifest.xml:14:13-71
76            android:exported="false"
76-->[com.sangcomz:FishBun:0.11.2] AndroidManifest.xml:15:13-37
77            android:grantUriPermissions="true" >
77-->[com.sangcomz:FishBun:0.11.2] AndroidManifest.xml:16:13-47
78            <meta-data
78-->[:image_picker_android] AndroidManifest.xml:13:13-15:75
79                android:name="android.support.FILE_PROVIDER_PATHS"
79-->[:image_picker_android] AndroidManifest.xml:14:17-67
80                android:resource="@xml/provider_paths" />
80-->[:image_picker_android] AndroidManifest.xml:15:17-72
81        </provider>
82
83        <activity
83-->[com.sangcomz:FishBun:0.11.2] AndroidManifest.xml:22:9-25:51
84            android:name="com.sangcomz.fishbun.ui.album.AlbumActivity"
84-->[com.sangcomz:FishBun:0.11.2] AndroidManifest.xml:23:13-71
85            android:label="@string/album"
85-->[com.sangcomz:FishBun:0.11.2] AndroidManifest.xml:24:13-42
86            android:theme="@style/FishBunTheme" />
86-->[com.sangcomz:FishBun:0.11.2] AndroidManifest.xml:25:13-48
87        <activity
87-->[com.sangcomz:FishBun:0.11.2] AndroidManifest.xml:26:9-28:51
88            android:name="com.sangcomz.fishbun.ui.picker.PickerActivity"
88-->[com.sangcomz:FishBun:0.11.2] AndroidManifest.xml:27:13-73
89            android:theme="@style/FishBunTheme" />
89-->[com.sangcomz:FishBun:0.11.2] AndroidManifest.xml:28:13-48
90        <activity
90-->[com.sangcomz:FishBun:0.11.2] AndroidManifest.xml:29:9-31:54
91            android:name="com.sangcomz.fishbun.ui.detail.DetailActivity"
91-->[com.sangcomz:FishBun:0.11.2] AndroidManifest.xml:30:13-73
92            android:theme="@style/DetailViewTheme" />
92-->[com.sangcomz:FishBun:0.11.2] AndroidManifest.xml:31:13-51
93
94        <uses-library
94-->[androidx.window:window:1.0.0-beta04] AndroidManifest.xml:25:9-27:40
95            android:name="androidx.window.extensions"
95-->[androidx.window:window:1.0.0-beta04] AndroidManifest.xml:26:13-54
96            android:required="false" />
96-->[androidx.window:window:1.0.0-beta04] AndroidManifest.xml:27:13-37
97        <uses-library
97-->[androidx.window:window:1.0.0-beta04] AndroidManifest.xml:28:9-30:40
98            android:name="androidx.window.sidecar"
98-->[androidx.window:window:1.0.0-beta04] AndroidManifest.xml:29:13-51
99            android:required="false" />
99-->[androidx.window:window:1.0.0-beta04] AndroidManifest.xml:30:13-37
100    </application>
101
102</manifest>